2025-06-30 13:50:34,029 - INFO - Initializing Portfolio Manager...
2025-06-30 13:50:34,036 - INFO - Current calculated portfolio value: $2000.00
2025-06-30 13:50:34,036 - INFO - No cache found. Fetching market data for the last 3000 days...
2025-06-30 13:51:02,603 - INFO - Market data saved to cache: C:\Users\Liran\OneDrive\שולחן העבודה\my_trading_platform\data_files\market_data_cache.pkl
2025-06-30 14:03:11,570 - INFO - Initializing Portfolio Manager...
2025-06-30 14:03:11,584 - INFO - Current calculated portfolio value: $2000.00
2025-06-30 14:03:11,584 - INFO - Loading market data from cache: C:\Users\Liran\OneDrive\שולחן העבודה\my_trading_platform\data_files\market_data_cache.pkl
2025-06-30 14:07:57,121 - INFO - Initializing Portfolio Manager...
2025-06-30 14:07:57,121 - INFO - Current calculated portfolio value: $2000.00
2025-06-30 14:07:57,137 - INFO - Loading market data from cache: C:\Users\Liran\OneDrive\שולחן העבודה\my_trading_platform\data_files\market_data_cache.pkl
2025-06-30 14:14:19,167 - INFO - Initializing Portfolio Manager...
2025-06-30 14:14:19,167 - INFO - Current calculated portfolio value: $2000.00
2025-06-30 14:14:19,167 - INFO - Loading market data from cache: C:\Users\Liran\OneDrive\שולחן העבודה\my_trading_platform\data_files\market_data_cache.pkl
2025-06-30 14:17:33,030 - INFO - Initializing Portfolio Manager...
2025-06-30 14:17:33,030 - INFO - Current calculated portfolio value: $2000.00
2025-06-30 14:17:33,045 - INFO - Loading market data from cache: C:\Users\Liran\OneDrive\שולחן העבודה\my_trading_platform\data_files\market_data_cache.pkl
2025-06-30 14:21:23,713 - INFO - Initializing Portfolio Manager...
2025-06-30 14:21:23,713 - INFO - Current calculated portfolio value: $2000.00
2025-06-30 14:21:23,729 - INFO - Loading market data from cache: C:\Users\Liran\OneDrive\שולחן העבודה\my_trading_platform\data_files\market_data_cache.pkl
2025-06-30 14:25:37,106 - INFO - Initializing Portfolio Manager...
2025-06-30 14:25:37,106 - INFO - Current calculated portfolio value: $2000.00
2025-06-30 14:25:37,106 - INFO - Loading market data from cache: C:\Users\Liran\OneDrive\שולחן העבודה\my_trading_platform\data_files\market_data_cache.pkl
2025-06-30 14:29:10,342 - INFO - Initializing Portfolio Manager...
2025-06-30 14:29:10,344 - INFO - Current calculated portfolio value: $2000.00
2025-06-30 14:29:10,344 - INFO - Loading market data from cache: C:\Users\Liran\OneDrive\שולחן העבודה\my_trading_platform\data_files\market_data_cache.pkl
2025-06-30 14:48:14,310 - INFO - Initializing Portfolio Manager...
2025-06-30 14:48:14,312 - INFO - Current calculated portfolio value: $2000.00
2025-06-30 14:48:14,312 - INFO - Loading market data from cache: C:\Users\Liran\OneDrive\שולחן העבודה\my_trading_platform\data_files\market_data_cache.pkl
2025-06-30 15:00:15,628 - INFO - Initializing Portfolio Manager...
2025-06-30 15:00:15,628 - INFO - Current calculated portfolio value: $2000.00
2025-06-30 15:00:15,628 - INFO - Loading market data from cache: C:\Users\Liran\OneDrive\שולחן העבודה\my_trading_platform\data_files\market_data_cache.pkl
2025-06-30 15:01:43,067 - INFO - Initializing Portfolio Manager...
2025-06-30 15:01:43,067 - INFO - Loading market data from cache: C:\Users\Liran\OneDrive\שולחן העבודה\my_trading_platform\data_files\market_data_cache.pkl
