2025-08-01 13:27:30,450 - INFO - Starting ML model training...
2025-08-01 13:27:30,468 - INFO - Using 50 symbols for training
2025-08-01 13:27:30,469 - INFO - Downloading training data for 50 symbols...
2025-08-01 13:27:30,469 - INFO - Downloading MMM (1/50)...
2025-08-01 13:27:35,913 - INFO - Downloading AOS (2/50)...
2025-08-01 13:27:36,161 - INFO - Downloading ABT (3/50)...
2025-08-01 13:27:36,430 - INFO - Downloading ABBV (4/50)...
2025-08-01 13:27:36,599 - INFO - Downloading ACN (5/50)...
2025-08-01 13:27:36,789 - INFO - Downloading ADBE (6/50)...
2025-08-01 13:27:36,936 - INFO - Downloading AMD (7/50)...
2025-08-01 13:27:37,137 - INFO - Downloading AES (8/50)...
2025-08-01 13:27:37,357 - INFO - Downloading AFL (9/50)...
2025-08-01 13:27:37,568 - INFO - Downloading A (10/50)...
2025-08-01 13:27:37,785 - INFO - Downloading APD (11/50)...
2025-08-01 13:27:38,024 - INFO - Downloading ABNB (12/50)...
2025-08-01 13:27:38,159 - INFO - Downloading AKAM (13/50)...
2025-08-01 13:27:38,301 - INFO - Downloading ALB (14/50)...
2025-08-01 13:27:38,642 - INFO - Downloading ARE (15/50)...
2025-08-01 13:27:38,846 - INFO - Downloading ALGN (16/50)...
2025-08-01 13:27:38,995 - INFO - Downloading ALLE (17/50)...
2025-08-01 13:27:39,181 - INFO - Downloading LNT (18/50)...
2025-08-01 13:27:39,393 - INFO - Downloading ALL (19/50)...
2025-08-01 13:27:39,655 - INFO - Downloading GOOGL (20/50)...
2025-08-01 13:27:39,846 - INFO - Downloading GOOG (21/50)...
2025-08-01 13:27:40,005 - INFO - Downloading MO (22/50)...
2025-08-01 13:27:40,276 - INFO - Downloading AMZN (23/50)...
2025-08-01 13:27:40,427 - INFO - Downloading AMCR (24/50)...
2025-08-01 13:27:40,614 - INFO - Downloading AEE (25/50)...
2025-08-01 13:27:40,814 - INFO - Downloading AEP (26/50)...
2025-08-01 13:27:41,044 - INFO - Downloading AXP (27/50)...
2025-08-01 13:27:41,372 - INFO - Downloading AIG (28/50)...
2025-08-01 13:27:41,584 - INFO - Downloading AMT (29/50)...
2025-08-01 13:27:41,758 - INFO - Downloading AWK (30/50)...
2025-08-01 13:27:41,926 - INFO - Downloading AMP (31/50)...
2025-08-01 13:27:42,198 - INFO - Downloading AME (32/50)...
2025-08-01 13:27:42,463 - INFO - Downloading AMGN (33/50)...
2025-08-01 13:27:42,637 - INFO - Downloading APH (34/50)...
2025-08-01 13:27:42,833 - INFO - Downloading ADI (35/50)...
2025-08-01 13:27:43,012 - INFO - Downloading ANSS (36/50)...
2025-08-01 13:27:43,189 - INFO - Downloading AON (37/50)...
2025-08-01 13:27:43,438 - INFO - Downloading APA (38/50)...
2025-08-01 13:27:43,673 - INFO - Downloading APO (39/50)...
2025-08-01 13:27:43,871 - INFO - Downloading AAPL (40/50)...
2025-08-01 13:27:44,136 - INFO - Downloading AMAT (41/50)...
2025-08-01 13:27:44,351 - INFO - Downloading APTV (42/50)...
2025-08-01 13:27:44,619 - INFO - Downloading ACGL (43/50)...
2025-08-01 13:27:44,881 - INFO - Downloading ADM (44/50)...
2025-08-01 13:27:45,164 - INFO - Downloading ANET (45/50)...
2025-08-01 13:27:45,350 - INFO - Downloading AJG (46/50)...
2025-08-01 13:27:45,592 - INFO - Downloading AIZ (47/50)...
2025-08-01 13:27:45,860 - INFO - Downloading T (48/50)...
2025-08-01 13:27:46,092 - INFO - Downloading ATO (49/50)...
2025-08-01 13:27:46,298 - INFO - Downloading ADSK (50/50)...
2025-08-01 13:27:46,509 - INFO - Successfully downloaded data for 50/50 symbols
2025-08-01 13:27:46,511 - INFO - Downloading S&P 500 index data...
2025-08-01 13:27:46,923 - INFO - ML Strategy initialized.
2025-08-01 13:27:46,923 - WARNING - Model file C:\Users\Liran\OneDrive\שולחן העבודה\my_trading_platform\data_files\ml_trading_model.pkl not found. Will need to train model first.
2025-08-01 13:27:46,925 - INFO - Training ML model...
2025-08-01 13:27:46,925 - INFO - Starting ML model training...
2025-08-01 13:27:48,112 - INFO - Training dataset: 24090 samples, 14 features
2025-08-01 13:27:48,194 - INFO - Training accuracy: 0.8322
2025-08-01 13:27:48,194 - INFO - Testing accuracy: 0.8319
2025-08-01 13:27:48,197 - INFO - Model saved to C:\Users\Liran\OneDrive\שולחן העבודה\my_trading_platform\data_files\ml_trading_model.pkl
2025-08-01 13:27:48,199 - INFO - === Training Complete ===
